#set( $symbol_pound = '#' )
#set( $symbol_dollar = '$' )
#set( $symbol_escape = '\' )
<?xml version="1.0" encoding="UTF-8"?>
<!-- Generated by org.testng.reporters.JUnitReportReporter -->
<testsuite hostname="EPHUBUDW0534" name="${package}.analyzer.core.BasicEngineTest" tests="1" failures="0" timestamp="7 Sep 2016 12:08:54 GMT" time="0.011" errors="0">
  <testcase name="runShould" time="0.011" classname="${package}.analyzer.core.BasicEngineTest"/>
</testsuite> <!-- ${package}.analyzer.core.BasicEngineTest -->
